To github.com:1065464173/halo-data-bak.git
   111dba4..6541446  main -> main
[main e6eeda6] autocommit
 2 files changed, 4 insertions(+), 2 deletions(-)
 create mode 100644 gitpush.log
To github.com:1065464173/halo-data-bak.git
   6541446..e6eeda6  main -> main
===========================20220307-1710===============================
[main fc2c2b2] autocommit
 2 files changed, 8 insertions(+)
To github.com:1065464173/halo-data-bak.git
   e6eeda6..fc2c2b2  main -> main
===========================2022-03-07-17:19===============================
[main fa99941] autocommit
 2 files changed, 6 insertions(+), 1 deletion(-)
To github.com:1065464173/halo-data-bak.git
   fc2c2b2..fa99941  main -> main
==========================================================
[main 2efcf26] autocommit
 2 files changed, 6 insertions(+), 1 deletion(-)
To github.com:1065464173/halo-data-bak.git
   fa99941..2efcf26  main -> main
==========================================================
[main c3c4022] autocommit
 1 file changed, 5 insertions(+)
To github.com:1065464173/halo-data-bak.git
   2efcf26..c3c4022  main -> main
==========================================================
[main 93aceae] autocommit
 1 file changed, 5 insertions(+)
To github.com:1065464173/halo-data-bak.git
   c3c4022..93aceae  main -> main
==========================================================
[main 86fbb9d] autocommit
 1 file changed, 5 insertions(+)
To github.com:1065464173/halo-data-bak.git
   93aceae..86fbb9d  main -> main
===========================2022-03-07-17:26===============================
[main aa9086b] autocommit
 2 files changed, 6 insertions(+), 1 deletion(-)
To github.com:1065464173/halo-data-bak.git
   86fbb9d..aa9086b  main -> main
===========================2022-03-07-17:27===============================
[main d2a8205] autocommit
 1 file changed, 5 insertions(+)
To github.com:1065464173/halo-data-bak.git
   aa9086b..d2a8205  main -> main
===========================2022-03-07-17:28===============================
[main ebae17a] autocommit
 1 file changed, 5 insertions(+)
To github.com:1065464173/halo-data-bak.git
   d2a8205..ebae17a  main -> main
===========================2022-03-07-17:29===============================
[main 0b86bac] autocommit
 1 file changed, 5 insertions(+)
To github.com:1065464173/halo-data-bak.git
   ebae17a..0b86bac  main -> main
===========================2022-03-07-17:30===============================
[main 6f1026a] autocommit
 1 file changed, 5 insertions(+)
To github.com:1065464173/halo-data-bak.git
   0b86bac..6f1026a  main -> main
===========================2022-03-07-17:31===============================
[main 6611181] autocommit
 1 file changed, 5 insertions(+)
To github.com:1065464173/halo-data-bak.git
   6f1026a..6611181  main -> main
===========================2022-03-07-17:32===============================
